\BOOKMARK [0][-]{section*.1}{\376\377\000E\000i\000d\000e\000s\000s\000t\000a\000t\000t\000l\000i\000c\000h\000e\000\040\000E\000r\000k\000l\000\344\000r\000u\000n\000g}{}% 1
\BOOKMARK [0][-]{section*.2}{\376\377\000Z\000u\000s\000a\000m\000m\000e\000n\000f\000a\000s\000s\000u\000n\000g}{}% 2
\BOOKMARK [0][-]{section*.3}{\376\377\000D\000a\000n\000k\000s\000a\000g\000u\000n\000g}{}% 3
\BOOKMARK [0][-]{chapter.12}{\376\377\000C\000h\000a\000p\000t\000e\000r\000\040\000T\000i\000t\000l\000e\000\040\000H\000e\000r\000e}{}% 4
\BOOKMARK [1][-]{section.13}{\376\377\000W\000e\000l\000c\000o\000m\000e\000\040\000a\000n\000d\000\040\000T\000h\000a\000n\000k\000\040\000Y\000o\000u}{chapter.12}% 5
\BOOKMARK [1][-]{section.14}{\376\377\000L\000e\000a\000r\000n\000i\000n\000g\000\040\000L\000a\000T\000e\000X}{chapter.12}% 6
\BOOKMARK [2][-]{subsection.15}{\376\377\000A\000\040\000\050\000n\000o\000t\000\040\000s\000o\000\040\000s\000h\000o\000r\000t\000\051\000\040\000I\000n\000t\000r\000o\000d\000u\000c\000t\000i\000o\000n\000\040\000t\000o\000\040\000L\000a\000T\000e\000X}{section.14}% 7
\BOOKMARK [2][-]{subsection.16}{\376\377\000A\000\040\000S\000h\000o\000r\000t\000\040\000M\000a\000t\000h\000\040\000G\000u\000i\000d\000e\000\040\000f\000o\000r\000\040\000L\000a\000T\000e\000X}{section.14}% 8
\BOOKMARK [2][-]{subsection.17}{\376\377\000C\000o\000m\000m\000o\000n\000\040\000L\000a\000T\000e\000X\000\040\000M\000a\000t\000h\000\040\000S\000y\000m\000b\000o\000l\000s}{section.14}% 9
\BOOKMARK [2][-]{subsection.18}{\376\377\000L\000a\000T\000e\000X\000\040\000o\000n\000\040\000a\000\040\000M\000a\000c}{section.14}% 10
\BOOKMARK [1][-]{section.19}{\376\377\000G\000e\000t\000t\000i\000n\000g\000\040\000S\000t\000a\000r\000t\000e\000d\000\040\000w\000i\000t\000h\000\040\000t\000h\000i\000s\000\040\000T\000e\000m\000p\000l\000a\000t\000e}{chapter.12}% 11
\BOOKMARK [2][-]{subsection.20}{\376\377\000A\000b\000o\000u\000t\000\040\000t\000h\000i\000s\000\040\000T\000e\000m\000p\000l\000a\000t\000e}{section.19}% 12
\BOOKMARK [1][-]{section.21}{\376\377\000W\000h\000a\000t\000\040\000t\000h\000i\000s\000\040\000T\000e\000m\000p\000l\000a\000t\000e\000\040\000I\000n\000c\000l\000u\000d\000e\000s}{chapter.12}% 13
\BOOKMARK [2][-]{subsection.22}{\376\377\000F\000o\000l\000d\000e\000r\000s}{section.21}% 14
\BOOKMARK [2][-]{subsection.23}{\376\377\000F\000i\000l\000e\000s}{section.21}% 15
\BOOKMARK [1][-]{section.24}{\376\377\000F\000i\000l\000l\000i\000n\000g\000\040\000i\000n\000\040\000Y\000o\000u\000r\000\040\000I\000n\000f\000o\000r\000m\000a\000t\000i\000o\000n\000\040\000i\000n\000\040\000t\000h\000e\000\040\000m\000a\000i\000n\000.\000t\000e\000x\000\040\000F\000i\000l\000e}{chapter.12}% 16
\BOOKMARK [1][-]{section.25}{\376\377\000T\000h\000e\000\040\000m\000a\000i\000n\000.\000t\000e\000x\000\040\000F\000i\000l\000e\000\040\000E\000x\000p\000l\000a\000i\000n\000e\000d}{chapter.12}% 17
\BOOKMARK [1][-]{section.26}{\376\377\000T\000h\000e\000s\000i\000s\000\040\000F\000e\000a\000t\000u\000r\000e\000s\000\040\000a\000n\000d\000\040\000C\000o\000n\000v\000e\000n\000t\000i\000o\000n\000s}{chapter.12}% 18
\BOOKMARK [2][-]{subsection.27}{\376\377\000P\000r\000i\000n\000t\000i\000n\000g\000\040\000F\000o\000r\000m\000a\000t}{section.26}% 19
\BOOKMARK [2][-]{subsection.28}{\376\377\000U\000s\000i\000n\000g\000\040\000U\000S\000\040\000L\000e\000t\000t\000e\000r\000\040\000P\000a\000p\000e\000r}{section.26}% 20
\BOOKMARK [2][-]{subsection.29}{\376\377\000R\000e\000f\000e\000r\000e\000n\000c\000e\000s}{section.26}% 21
\BOOKMARK [3][-]{section*.31}{\376\377\000A\000\040\000N\000o\000t\000e\000\040\000o\000n\000\040\000b\000i\000b\000t\000e\000x}{subsection.29}% 22
\BOOKMARK [2][-]{subsection.32}{\376\377\000T\000a\000b\000l\000e\000s}{section.26}% 23
\BOOKMARK [2][-]{subsection.34}{\376\377\000F\000i\000g\000u\000r\000e\000s}{section.26}% 24
\BOOKMARK [2][-]{subsection.36}{\376\377\000T\000y\000p\000e\000s\000e\000t\000t\000i\000n\000g\000\040\000m\000a\000t\000h\000e\000m\000a\000t\000i\000c\000s}{section.26}% 25
\BOOKMARK [1][-]{section.38}{\376\377\000S\000e\000c\000t\000i\000o\000n\000i\000n\000g\000\040\000a\000n\000d\000\040\000S\000u\000b\000s\000e\000c\000t\000i\000o\000n\000i\000n\000g}{chapter.12}% 26
\BOOKMARK [1][-]{section.39}{\376\377\000I\000n\000\040\000C\000l\000o\000s\000i\000n\000g}{chapter.12}% 27
\BOOKMARK [0][-]{chapter.40}{\376\377\000E\000i\000n\000f\000\374\000h\000r\000u\000n\000g}{}% 28
\BOOKMARK [1][-]{section.41}{\376\377\000M\000o\000t\000i\000v\000a\000t\000i\000o\000n}{chapter.40}% 29
\BOOKMARK [1][-]{section.42}{\376\377\000D\000i\000m\000e\000n\000s\000i\000o\000n\000s\000r\000e\000d\000u\000k\000t\000i\000o\000n\000s\000v\000e\000r\000f\000a\000h\000r\000e\000n}{chapter.40}% 30
\BOOKMARK [1][-]{section.43}{\376\377\000S\000p\000a\000r\000s\000e\000\040\000A\000p\000p\000r\000o\000x\000i\000m\000a\000t\000i\000o\000n\000s\000\040\000/\000\040\000R\000e\000p\000r\000e\000s\000e\000n\000t\000a\000t\000i\000o\000n\000s}{chapter.40}% 31
\BOOKMARK [1][-]{section.44}{\376\377\000I\000n\000t\000e\000r\000p\000r\000e\000t\000i\000e\000r\000b\000a\000r\000k\000e\000i\000t}{chapter.40}% 32
\BOOKMARK [1][-]{section.45}{\376\377\000C\000o\000m\000p\000r\000e\000s\000s\000e\000d\000\040\000S\000e\000n\000s\000i\000n\000g\000\040\000B\000e\000i\000s\000p\000i\000e\000l}{chapter.40}% 33
\BOOKMARK [0][-]{chapter.46}{\376\377\000M\000a\000t\000h\000e\000m\000a\000t\000i\000s\000c\000h\000e\000\040\000G\000r\000u\000n\000d\000l\000a\000g\000e\000n}{}% 34
\BOOKMARK [1][-]{section.47}{\376\377\000N\000o\000r\000m\000e\000n\000\040\000u\000n\000d\000\040\000d\000e\000r\000e\000n\000\040\000E\000f\000f\000e\000k\000t\000e}{chapter.46}% 35
\BOOKMARK [2][-]{subsection.48}{\376\377\000l\0000\000-\000N\000o\000r\000m}{section.47}% 36
\BOOKMARK [2][-]{subsection.49}{\376\377\000l\0001\000-\000N\000o\000r\000m}{section.47}% 37
\BOOKMARK [2][-]{subsection.50}{\376\377\000l\0002\000-\000N\000o\000r\000m}{section.47}% 38
\BOOKMARK [1][-]{section.51}{\376\377\000R\000e\000g\000r\000e\000s\000s\000i\000o\000n}{chapter.46}% 39
\BOOKMARK [2][-]{subsection.52}{\376\377\000L\000A\000S\000S\000O}{section.51}% 40
\BOOKMARK [2][-]{subsection.53}{\376\377\000R\000i\000d\000g\000e\000\040\000R\000e\000g\000r\000e\000s\000s\000i\000o\000n}{section.51}% 41
\BOOKMARK [1][-]{section.54}{\376\377\000M\000a\000t\000r\000i\000x\000z\000e\000r\000l\000e\000g\000u\000n\000g\000e\000n}{chapter.46}% 42
\BOOKMARK [2][-]{subsection.55}{\376\377\000E\000i\000g\000e\000n\000w\000e\000r\000t\000z\000e\000r\000l\000e\000g\000u\000n\000g}{section.54}% 43
\BOOKMARK [3][-]{section*.56}{\376\377\000E\000i\000g\000e\000n\000w\000e\000r\000t\000e\000,\000\040\000E\000i\000g\000e\000n\000v\000e\000k\000t\000o\000r\000e\000n}{subsection.55}% 44
\BOOKMARK [2][-]{subsection.57}{\376\377\000S\000i\000n\000g\000u\000l\000\344\000r\000w\000e\000r\000t\000z\000e\000r\000l\000e\000g\000u\000n\000g}{section.54}% 45
\BOOKMARK [3][-]{section*.58}{\376\377\000S\000i\000n\000g\000u\000l\000\344\000r\000w\000e\000r\000t\000e}{subsection.57}% 46
\BOOKMARK [1][-]{section.59}{\376\377\000S\000i\000g\000n\000a\000l\000t\000h\000e\000o\000r\000i\000e}{chapter.46}% 47
\BOOKMARK [2][-]{subsection.60}{\376\377\000F\000o\000u\000r\000i\000e\000r\000t\000r\000a\000n\000s\000f\000o\000r\000m\000a\000t\000i\000o\000n}{section.59}% 48
\BOOKMARK [2][-]{subsection.61}{\376\377\000N\000y\000q\000u\000i\000s\000t\000-\000S\000h\000a\000n\000n\000o\000n\000\040\000A\000b\000t\000a\000s\000t\000t\000h\000e\000o\000r\000e\000m}{section.59}% 49
\BOOKMARK [1][-]{section.62}{\376\377\000S\000t\000a\000t\000i\000s\000t\000i\000k}{chapter.46}% 50
\BOOKMARK [2][-]{subsection.63}{\376\377\000E\000m\000p\000i\000r\000i\000s\000c\000h\000e\000\040\000K\000o\000v\000a\000r\000i\000a\000n\000z\000m\000a\000t\000r\000i\000x}{section.62}% 51
\BOOKMARK [1][-]{section.64}{\376\377\000M\000a\000n\000n\000i\000g\000f\000a\000l\000t\000i\000g\000k\000e\000i\000t}{chapter.46}% 52
\BOOKMARK [1][-]{section.65}{\376\377\000D\000i\000c\000t\000i\000o\000n\000a\000r\000y\000\040\000L\000e\000a\000r\000n\000i\000n\000g}{chapter.46}% 53
\BOOKMARK [0][-]{chapter.66}{\376\377\000H\000a\000u\000p\000t\000k\000o\000m\000p\000o\000n\000e\000n\000t\000e\000n\000a\000n\000a\000l\000y\000s\000e}{}% 54
\BOOKMARK [1][-]{section.67}{\376\377\000M\000o\000t\000i\000v\000a\000t\000i\000o\000n}{chapter.66}% 55
\BOOKMARK [1][-]{section.68}{\376\377\000K\000o\000n\000s\000t\000r\000u\000k\000t\000i\000o\000n}{chapter.66}% 56
\BOOKMARK [1][-]{section.69}{\376\377\000P\000r\000o\000b\000l\000e\000m\000f\000o\000r\000m\000u\000l\000i\000e\000r\000u\000n\000g}{chapter.66}% 57
\BOOKMARK [2][-]{subsection.70}{\376\377\000F\000o\000r\000m\000u\000l\000i\000e\000r\000u\000n\000g\000\040\000a\000l\000s\000\040\000S\000i\000n\000g\000u\000l\000\344\000r\000w\000e\000r\000t\000z\000e\000r\000l\000e\000g\000u\000n\000g}{section.69}% 58
\BOOKMARK [2][-]{subsection.71}{\376\377\000F\000o\000r\000m\000u\000l\000i\000e\000r\000u\000n\000g\000\040\000a\000l\000s\000\040\000R\000e\000g\000r\000e\000s\000s\000i\000o\000n\000s\000p\000r\000o\000b\000l\000e\000m}{section.69}% 59
\BOOKMARK [2][-]{subsection.72}{\376\377\000F\000o\000r\000m\000u\000l\000i\000e\000r\000u\000n\000g\000\040\000a\000l\000s\000\040\000b\000e\000s\000t\000e\000\040\000l\000i\000n\000e\000a\000r\000e\000\040\000M\000a\000n\000n\000i\000g\000f\000a\000l\000t\000i\000g\000k\000e\000i\000t\000\040\000A\000p\000p\000r\000o\000x\000i\000m\000a\000t\000i\000o\000n}{section.69}% 60
\BOOKMARK [1][-]{section.73}{\376\377\000T\000h\000e\000o\000r\000e\000t\000i\000s\000c\000h\000e\000\040\000A\000u\000s\000s\000a\000g\000e\000n}{chapter.66}% 61
\BOOKMARK [0][-]{chapter.74}{\376\377\000D\000\374\000n\000n\000b\000e\000s\000e\000t\000z\000t\000e\000\040\000H\000a\000u\000p\000t\000k\000o\000m\000p\000o\000n\000e\000n\000t\000e\000n\000a\000n\000a\000l\000y\000s\000e}{}% 62
\BOOKMARK [1][-]{section.75}{\376\377\000M\000o\000t\000i\000v\000a\000t\000i\000o\000n}{chapter.74}% 63
\BOOKMARK [1][-]{section.76}{\376\377\000P\000r\000o\000b\000l\000e\000m\000f\000o\000r\000m\000u\000l\000i\000e\000r\000u\000n\000g}{chapter.74}% 64
\BOOKMARK [1][-]{section.77}{\376\377\000R\000e\000l\000a\000x\000a\000t\000i\000o\000n\000\040\000/\000\040\000A\000p\000p\000r\000o\000x\000i\000m\000a\000t\000i\000o\000n\000\040\000I\000d\000e\000e\000n}{chapter.74}% 65
\BOOKMARK [1][-]{section.78}{\376\377\000K\000o\000n\000s\000t\000r\000u\000k\000t\000i\000o\000n}{chapter.74}% 66
\BOOKMARK [1][-]{section.79}{\376\377\000T\000h\000e\000o\000r\000e\000t\000i\000s\000c\000h\000e\000\040\000A\000u\000s\000s\000a\000g\000e\000n\000\040\000S\000p\000a\000r\000s\000e\000\040\000P\000C\000A}{chapter.74}% 67
\BOOKMARK [0][-]{chapter.80}{\376\377\000I\000m\000p\000l\000e\000m\000e\000n\000t\000i\000e\000r\000u\000n\000g}{}% 68
\BOOKMARK [1][-]{section.81}{\376\377\000I\000m\000p\000l\000e\000m\000e\000n\000t\000i\000e\000r\000u\000n\000g\000\040\000n\000a\000c\000h\000\040\000o\000r\000i\000g\000i\000n\000a\000l\000\040\000p\000a\000p\000e\000r}{chapter.80}% 69
\BOOKMARK [1][-]{section.82}{\376\377\000I\000m\000p\000l\000e\000m\000e\000n\000t\000i\000e\000r\000u\000n\000g\000\040\000i\000n\000\040\000s\000c\000i\000k\000i\000t\000-\000l\000e\000a\000r\000n\000\040\000i\000n\000\040\000p\000y\000t\000h\000o\000n}{chapter.80}% 70
\BOOKMARK [1][-]{section.83}{\376\377\000L\000a\000u\000f\000z\000e\000i\000t\000v\000e\000r\000g\000l\000e\000i\000c\000h}{chapter.80}% 71
\BOOKMARK [0][-]{chapter.84}{\376\377\000A\000n\000w\000e\000n\000d\000u\000n\000g}{}% 72
\BOOKMARK [1][-]{section.85}{\376\377\000A\000n\000w\000e\000n\000d\000u\000n\000g\000\040\000a\000u\000f\000\040\000S\000i\000m\000u\000l\000a\000t\000i\000o\000n\000s\000d\000a\000t\000e\000n}{chapter.84}% 73
\BOOKMARK [1][-]{section.86}{\376\377\000D\000e\000r\000\040\000D\000a\000t\000e\000n\000s\000a\000t\000z}{chapter.84}% 74
\BOOKMARK [1][-]{section.87}{\376\377\000A\000n\000w\000e\000d\000u\000n\000g\000\040\000a\000u\000f\000\040\000F\000r\000e\000q\000u\000e\000n\000z\000d\000a\000t\000e\000n}{chapter.84}% 75
\BOOKMARK [1][-]{section.88}{\376\377\000A\000u\000s\000w\000e\000r\000t\000u\000n\000g\000\040\000d\000e\000r\000\040\000E\000r\000g\000e\000b\000n\000i\000s\000s\000e}{chapter.84}% 76
\BOOKMARK [1][-]{section.89}{\376\377\000V\000e\000r\000g\000l\000e\000i\000c\000h\000\040\000m\000i\000t\000\040\000P\000C\000A\000\040\000R\000e\000s\000u\000l\000t\000a\000t\000e\000n}{chapter.84}% 77
\BOOKMARK [1][-]{section.90}{\376\377\000H\000y\000p\000e\000r\000p\000a\000r\000a\000m\000e\000t\000e\000r}{chapter.84}% 78
\BOOKMARK [2][-]{subsection.91}{\376\377\000Z\000e\000i\000t}{section.90}% 79
\BOOKMARK [2][-]{subsection.92}{\376\377\000E\000f\000f\000e\000k\000t\000\040\000a\000u\000f\000\040\000R\000e\000s\000u\000l\000t\000a\000t\000e}{section.90}% 80
\BOOKMARK [0][-]{chapter.93}{\376\377\000A\000u\000s\000b\000l\000i\000c\000k\000\040\000/\000\040\000Z\000u\000s\000a\000m\000m\000e\000n\000f\000a\000s\000s\000u\000n\000g}{}% 81
\BOOKMARK [1][-]{section.94}{\376\377\000E\000i\000n\000s\000e\000t\000z\000b\000a\000r\000k\000e\000i\000t}{chapter.93}% 82
\BOOKMARK [1][-]{section.95}{\376\377\000\334\000b\000e\000r\000t\000r\000a\000g\000b\000a\000r\000k\000e\000i\000t}{chapter.93}% 83
\BOOKMARK [1][-]{section.96}{\376\377\000O\000n\000g\000o\000i\000n\000g\000\040\000R\000e\000s\000e\000a\000r\000c\000h\000\040\000/\000\040\000W\000e\000i\000t\000e\000r\000e\000\040\000T\000e\000c\000h\000n\000i\000k\000e\000n}{chapter.93}% 84
\BOOKMARK [0][-]{appendix.97}{\376\377\000F\000r\000e\000q\000u\000e\000n\000t\000l\000y\000\040\000A\000s\000k\000e\000d\000\040\000Q\000u\000e\000s\000t\000i\000o\000n\000s}{}% 85
\BOOKMARK [1][-]{section.98}{\376\377\000H\000o\000w\000\040\000d\000o\000\040\000I\000\040\000c\000h\000a\000n\000g\000e\000\040\000t\000h\000e\000\040\000c\000o\000l\000o\000r\000s\000\040\000o\000f\000\040\000l\000i\000n\000k\000s\000?}{appendix.97}% 86
